[2017-12-25 16:14:09,183][http-nio-8080-exec-1][WARN][org.springframework.web.servlet.mvc.support.DefaultHandlerExceptionResolver:189] Resolved exception caused by Handler execution: org.springframework.http.converter.HttpMessageNotReadableException: Could not read document: Can not deserialize instance of java.lang.String out of START_OBJECT token
 at [Source: java.io.PushbackInputStream@297e2d9f; line: 1, column: 121] (through reference chain: org.jason.model.Orders["order_details"]->java.util.ArrayList[0]->org.jason.model.Order_detail["goodid"]); nested exception is com.fasterxml.jackson.databind.JsonMappingException: Can not deserialize instance of java.lang.String out of START_OBJECT token
 at [Source: java.io.PushbackInputStream@297e2d9f; line: 1, column: 121] (through reference chain: org.jason.model.Orders["order_details"]->java.util.ArrayList[0]->org.jason.model.Order_detail["goodid"])
[2017-12-25 16:14:20,640][http-nio-8080-exec-5][WARN][org.springframework.web.servlet.mvc.support.DefaultHandlerExceptionResolver:384] Failed to read HTTP message: org.springframework.http.converter.HttpMessageNotReadableException: Could not read document: Can not deserialize instance of java.lang.String out of START_OBJECT token
 at [Source: java.io.PushbackInputStream@59c1d2b3; line: 1, column: 121] (through reference chain: org.jason.model.Orders["order_details"]->java.util.ArrayList[0]->org.jason.model.Order_detail["goodid"]); nested exception is com.fasterxml.jackson.databind.JsonMappingException: Can not deserialize instance of java.lang.String out of START_OBJECT token
 at [Source: java.io.PushbackInputStream@59c1d2b3; line: 1, column: 121] (through reference chain: org.jason.model.Orders["order_details"]->java.util.ArrayList[0]->org.jason.model.Order_detail["goodid"])
[2017-12-25 16:14:20,641][http-nio-8080-exec-5][WARN][org.springframework.web.servlet.mvc.support.DefaultHandlerExceptionResolver:189] Resolved exception caused by Handler execution: org.springframework.http.converter.HttpMessageNotReadableException: Could not read document: Can not deserialize instance of java.lang.String out of START_OBJECT token
 at [Source: java.io.PushbackInputStream@59c1d2b3; line: 1, column: 121] (through reference chain: org.jason.model.Orders["order_details"]->java.util.ArrayList[0]->org.jason.model.Order_detail["goodid"]); nested exception is com.fasterxml.jackson.databind.JsonMappingException: Can not deserialize instance of java.lang.String out of START_OBJECT token
 at [Source: java.io.PushbackInputStream@59c1d2b3; line: 1, column: 121] (through reference chain: org.jason.model.Orders["order_details"]->java.util.ArrayList[0]->org.jason.model.Order_detail["goodid"])
[2017-12-25 16:14:49,366][http-nio-8080-exec-1][WARN][org.springframework.web.servlet.mvc.support.DefaultHandlerExceptionResolver:384] Failed to read HTTP message: org.springframework.http.converter.HttpMessageNotReadableException: Could not read document: Can not deserialize instance of java.lang.String out of START_OBJECT token
 at [Source: java.io.PushbackInputStream@3c44329f; line: 1, column: 121] (through reference chain: org.jason.model.Orders["order_details"]->java.util.ArrayList[0]->org.jason.model.Order_detail["goodid"]); nested exception is com.fasterxml.jackson.databind.JsonMappingException: Can not deserialize instance of java.lang.String out of START_OBJECT token
 at [Source: java.io.PushbackInputStream@3c44329f; line: 1, column: 121] (through reference chain: org.jason.model.Orders["order_details"]->java.util.ArrayList[0]->org.jason.model.Order_detail["goodid"])
[2017-12-25 16:14:49,366][http-nio-8080-exec-1][WARN][org.springframework.web.servlet.mvc.support.DefaultHandlerExceptionResolver:189] Resolved exception caused by Handler execution: org.springframework.http.converter.HttpMessageNotReadableException: Could not read document: Can not deserialize instance of java.lang.String out of START_OBJECT token
 at [Source: java.io.PushbackInputStream@3c44329f; line: 1, column: 121] (through reference chain: org.jason.model.Orders["order_details"]->java.util.ArrayList[0]->org.jason.model.Order_detail["goodid"]); nested exception is com.fasterxml.jackson.databind.JsonMappingException: Can not deserialize instance of java.lang.String out of START_OBJECT token
 at [Source: java.io.PushbackInputStream@3c44329f; line: 1, column: 121] (through reference chain: org.jason.model.Orders["order_details"]->java.util.ArrayList[0]->org.jason.model.Order_detail["goodid"])
[2017-12-25 16:15:02,189][http-nio-8080-exec-3][WARN][org.springframework.web.servlet.mvc.support.DefaultHandlerExceptionResolver:384] Failed to read HTTP message: org.springframework.http.converter.HttpMessageNotReadableException: Could not read document: Can not deserialize instance of java.lang.String out of START_OBJECT token
 at [Source: java.io.PushbackInputStream@54d0a3a6; line: 1, column: 121] (through reference chain: org.jason.model.Orders["order_details"]->java.util.ArrayList[0]->org.jason.model.Order_detail["goodid"]); nested exception is com.fasterxml.jackson.databind.JsonMappingException: Can not deserialize instance of java.lang.String out of START_OBJECT token
 at [Source: java.io.PushbackInputStream@54d0a3a6; line: 1, column: 121] (through reference chain: org.jason.model.Orders["order_details"]->java.util.ArrayList[0]->org.jason.model.Order_detail["goodid"])
[2017-12-25 16:15:02,190][http-nio-8080-exec-3][WARN][org.springframework.web.servlet.mvc.support.DefaultHandlerExceptionResolver:189] Resolved exception caused by Handler execution: org.springframework.http.converter.HttpMessageNotReadableException: Could not read document: Can not deserialize instance of java.lang.String out of START_OBJECT token
 at [Source: java.io.PushbackInputStream@54d0a3a6; line: 1, column: 121] (through reference chain: org.jason.model.Orders["order_details"]->java.util.ArrayList[0]->org.jason.model.Order_detail["goodid"]); nested exception is com.fasterxml.jackson.databind.JsonMappingException: Can not deserialize instance of java.lang.String out of START_OBJECT token
 at [Source: java.io.PushbackInputStream@54d0a3a6; line: 1, column: 121] (through reference chain: org.jason.model.Orders["order_details"]->java.util.ArrayList[0]->org.jason.model.Order_detail["goodid"])
[2017-12-25 16:16:14,996][http-nio-8080-exec-1][WARN][org.springframework.web.servlet.mvc.support.DefaultHandlerExceptionResolver:384] Failed to read HTTP message: org.springframework.http.converter.HttpMessageNotReadableException: Could not read document: Can not deserialize instance of java.lang.String out of START_OBJECT token
 at [Source: java.io.PushbackInputStream@3a5ff4e3; line: 1, column: 121] (through reference chain: org.jason.model.Orders["order_details"]->java.util.ArrayList[0]->org.jason.model.Order_detail["goodid"]); nested exception is com.fasterxml.jackson.databind.JsonMappingException: Can not deserialize instance of java.lang.String out of START_OBJECT token
 at [Source: java.io.PushbackInputStream@3a5ff4e3; line: 1, column: 121] (through reference chain: org.jason.model.Orders["order_details"]->java.util.ArrayList[0]->org.jason.model.Order_detail["goodid"])
[2017-12-25 16:16:14,997][http-nio-8080-exec-1][WARN][org.springframework.web.servlet.mvc.support.DefaultHandlerExceptionResolver:189] Resolved exception caused by Handler execution: org.springframework.http.converter.HttpMessageNotReadableException: Could not read document: Can not deserialize instance of java.lang.String out of START_OBJECT token
 at [Source: java.io.PushbackInputStream@3a5ff4e3; line: 1, column: 121] (through reference chain: org.jason.model.Orders["order_details"]->java.util.ArrayList[0]->org.jason.model.Order_detail["goodid"]); nested exception is com.fasterxml.jackson.databind.JsonMappingException: Can not deserialize instance of java.lang.String out of START_OBJECT token
 at [Source: java.io.PushbackInputStream@3a5ff4e3; line: 1, column: 121] (through reference chain: org.jason.model.Orders["order_details"]->java.util.ArrayList[0]->org.jason.model.Order_detail["goodid"])
[2017-12-25 16:17:30,872][http-nio-8080-exec-1][WARN][org.springframework.web.servlet.mvc.support.DefaultHandlerExceptionResolver:384] Failed to read HTTP message: org.springframework.http.converter.HttpMessageNotReadableException: Could not read document: Can not deserialize instance of java.lang.String out of START_OBJECT token
 at [Source: java.io.PushbackInputStream@4fe0c8f4; line: 1, column: 121] (through reference chain: org.jason.model.Orders["order_details"]->java.util.ArrayList[0]->org.jason.model.Order_detail["goodid"]); nested exception is com.fasterxml.jackson.databind.JsonMappingException: Can not deserialize instance of java.lang.String out of START_OBJECT token
 at [Source: java.io.PushbackInputStream@4fe0c8f4; line: 1, column: 121] (through reference chain: org.jason.model.Orders["order_details"]->java.util.ArrayList[0]->org.jason.model.Order_detail["goodid"])
[2017-12-25 16:17:30,873][http-nio-8080-exec-1][WARN][org.springframework.web.servlet.mvc.support.DefaultHandlerExceptionResolver:189] Resolved exception caused by Handler execution: org.springframework.http.converter.HttpMessageNotReadableException: Could not read document: Can not deserialize instance of java.lang.String out of START_OBJECT token
 at [Source: java.io.PushbackInputStream@4fe0c8f4; line: 1, column: 121] (through reference chain: org.jason.model.Orders["order_details"]->java.util.ArrayList[0]->org.jason.model.Order_detail["goodid"]); nested exception is com.fasterxml.jackson.databind.JsonMappingException: Can not deserialize instance of java.lang.String out of START_OBJECT token
 at [Source: java.io.PushbackInputStream@4fe0c8f4; line: 1, column: 121] (through reference chain: org.jason.model.Orders["order_details"]->java.util.ArrayList[0]->org.jason.model.Order_detail["goodid"])
[2017-12-25 16:20:10,973][http-nio-8080-exec-1][WARN][org.springframework.web.servlet.mvc.support.DefaultHandlerExceptionResolver:384] Failed to read HTTP message: org.springframework.http.converter.HttpMessageNotReadableException: Could not read document: Can not deserialize instance of java.lang.String out of START_OBJECT token
 at [Source: java.io.PushbackInputStream@1f07f97d; line: 1, column: 110] (through reference chain: org.jason.model.Orders["os"]->java.util.ArrayList[0]->org.jason.model.Order_detail["goodid"]); nested exception is com.fasterxml.jackson.databind.JsonMappingException: Can not deserialize instance of java.lang.String out of START_OBJECT token
 at [Source: java.io.PushbackInputStream@1f07f97d; line: 1, column: 110] (through reference chain: org.jason.model.Orders["os"]->java.util.ArrayList[0]->org.jason.model.Order_detail["goodid"])
[2017-12-25 16:20:10,973][http-nio-8080-exec-1][WARN][org.springframework.web.servlet.mvc.support.DefaultHandlerExceptionResolver:189] Resolved exception caused by Handler execution: org.springframework.http.converter.HttpMessageNotReadableException: Could not read document: Can not deserialize instance of java.lang.String out of START_OBJECT token
 at [Source: java.io.PushbackInputStream@1f07f97d; line: 1, column: 110] (through reference chain: org.jason.model.Orders["os"]->java.util.ArrayList[0]->org.jason.model.Order_detail["goodid"]); nested exception is com.fasterxml.jackson.databind.JsonMappingException: Can not deserialize instance of java.lang.String out of START_OBJECT token
 at [Source: java.io.PushbackInputStream@1f07f97d; line: 1, column: 110] (through reference chain: org.jason.model.Orders["os"]->java.util.ArrayList[0]->org.jason.model.Order_detail["goodid"])
[2017-12-25 16:22:22,459][http-nio-8080-exec-6][WARN][org.springframework.web.servlet.mvc.support.DefaultHandlerExceptionResolver:384] Failed to read HTTP message: org.springframework.http.converter.HttpMessageNotReadableException: Could not read document: Can not deserialize instance of java.lang.String out of START_OBJECT token
 at [Source: java.io.PushbackInputStream@22c37ff3; line: 1, column: 110] (through reference chain: org.jason.model.Orders["os"]->java.util.ArrayList[0]->org.jason.model.Order_detail["goodid"]); nested exception is com.fasterxml.jackson.databind.JsonMappingException: Can not deserialize instance of java.lang.String out of START_OBJECT token
 at [Source: java.io.PushbackInputStream@22c37ff3; line: 1, column: 110] (through reference chain: org.jason.model.Orders["os"]->java.util.ArrayList[0]->org.jason.model.Order_detail["goodid"])
[2017-12-25 16:22:22,460][http-nio-8080-exec-6][WARN][org.springframework.web.servlet.mvc.support.DefaultHandlerExceptionResolver:189] Resolved exception caused by Handler execution: org.springframework.http.converter.HttpMessageNotReadableException: Could not read document: Can not deserialize instance of java.lang.String out of START_OBJECT token
 at [Source: java.io.PushbackInputStream@22c37ff3; line: 1, column: 110] (through reference chain: org.jason.model.Orders["os"]->java.util.ArrayList[0]->org.jason.model.Order_detail["goodid"]); nested exception is com.fasterxml.jackson.databind.JsonMappingException: Can not deserialize instance of java.lang.String out of START_OBJECT token
 at [Source: java.io.PushbackInputStream@22c37ff3; line: 1, column: 110] (through reference chain: org.jason.model.Orders["os"]->java.util.ArrayList[0]->org.jason.model.Order_detail["goodid"])
